c:\users\enrique perez\documents\visual studio 2015\projects\c++\procesamiento de imagenes\pdi2017a\pdi2017a\debug\pdi2017a.pch
c:\users\enrique perez\documents\visual studio 2015\projects\c++\procesamiento de imagenes\pdi2017a\pdi2017a\debug\vc140.pdb
c:\users\enrique perez\documents\visual studio 2015\projects\c++\procesamiento de imagenes\pdi2017a\pdi2017a\debug\vc140.idb
c:\users\enrique perez\documents\visual studio 2015\projects\c++\procesamiento de imagenes\pdi2017a\pdi2017a\debug\stdafx.obj
c:\users\enrique perez\documents\visual studio 2015\projects\c++\procesamiento de imagenes\pdi2017a\pdi2017a\debug\dxmanager.obj
c:\users\enrique perez\documents\visual studio 2015\projects\c++\procesamiento de imagenes\pdi2017a\pdi2017a\debug\pdi2017a.obj
c:\users\enrique perez\documents\visual studio 2015\projects\c++\procesamiento de imagenes\pdi2017a\pdi2017a\debug\pdiimage.obj
c:\users\enrique perez\documents\visual studio 2015\projects\c++\procesamiento de imagenes\pdi2017a\debug\pdi2017a.ilk
c:\users\enrique perez\documents\visual studio 2015\projects\c++\procesamiento de imagenes\pdi2017a\debug\pdi2017a.exe
c:\users\enrique perez\documents\visual studio 2015\projects\c++\procesamiento de imagenes\pdi2017a\debug\pdi2017a.pdb
c:\users\enrique perez\documents\visual studio 2015\projects\c++\procesamiento de imagenes\pdi2017a\pdi2017a\debug\pdi2017a.res
c:\users\gerv1\documents\visual studio 2017\projects\pdi2017a\pdi2017a\debug\dxmanager.obj
c:\users\gerv1\documents\visual studio 2017\projects\pdi2017a\pdi2017a\debug\pdi2017a.obj
c:\users\gerv1\documents\visual studio 2017\projects\pdi2017a\pdi2017a\debug\pdiimage.obj
c:\users\gerv1\documents\visual studio 2017\projects\pdi2017a\pdi2017a\debug\stdafx.obj
c:\users\gerv1\documents\visual studio 2017\projects\pdi2017a\pdi2017a\debug\pdiimage.obj.enc
c:\users\gerv1\documents\visual studio 2017\projects\pdi2017a\pdi2017a\debug\pdi2017a.res
c:\users\gerv1\documents\visual studio 2017\projects\pdi2017a\pdi2017a\debug\pdi2017a.pch
c:\users\gerv1\documents\visual studio 2017\projects\pdi2017a\pdi2017a\debug\vc140.idb
c:\users\gerv1\documents\visual studio 2017\projects\pdi2017a\pdi2017a\debug\vc140.pdb
c:\users\gerv1\documents\visual studio 2017\projects\pdi2017a\debug\pdi2017a.pdb
c:\users\gerv1\documents\visual studio 2017\projects\pdi2017a\debug\pdi2017a.exe
c:\users\gerv1\documents\visual studio 2017\projects\pdi2017a\debug\pdi2017a.ilk
c:\users\gerv1\documents\visual studio 2017\projects\pdi2017a\pdi2017a\debug\pdi2017a.tlog\cl.command.1.tlog
c:\users\gerv1\documents\visual studio 2017\projects\pdi2017a\pdi2017a\debug\pdi2017a.tlog\cl.read.1.tlog
c:\users\gerv1\documents\visual studio 2017\projects\pdi2017a\pdi2017a\debug\pdi2017a.tlog\cl.write.1.tlog
c:\users\gerv1\documents\visual studio 2017\projects\pdi2017a\pdi2017a\debug\pdi2017a.tlog\link.command.1.tlog
c:\users\gerv1\documents\visual studio 2017\projects\pdi2017a\pdi2017a\debug\pdi2017a.tlog\link.read.1.tlog
c:\users\gerv1\documents\visual studio 2017\projects\pdi2017a\pdi2017a\debug\pdi2017a.tlog\link.write.1.tlog
c:\users\gerv1\documents\visual studio 2017\projects\pdi2017a\pdi2017a\debug\pdi2017a.tlog\rc.command.1.tlog
c:\users\gerv1\documents\visual studio 2017\projects\pdi2017a\pdi2017a\debug\pdi2017a.tlog\rc.read.1.tlog
c:\users\gerv1\documents\visual studio 2017\projects\pdi2017a\pdi2017a\debug\pdi2017a.tlog\rc.write.1.tlog
